MyIntentApp/app/build/intermediates/manifest_merge_blame_file/release/manifest-merger-blame-release-report.txt
1<?xml version="1.0" encoding="utf-8"?>
2<manifest xmlns:android="http://schemas.android.com/apk/res/android"
3    package="com.example.myintentapp"
4    android:versionCode="1"
5    android:versionName="1.0" >
6
7    <uses-sdk
8        android:minSdkVersion="21"
8-->src\main\AndroidManifest.xml
9        android:targetSdkVersion="30" />
9-->src\main\AndroidManifest.xml
10
11    <application
11-->src\main\AndroidManifest.xml:5:5-23:19
12        android:allowBackup="true"
12-->src\main\AndroidManifest.xml:6:9-35
13        android:appComponentFactory="androidx.core.app.CoreComponentFactory"
13-->[androidx.core:core:1.3.1] AndroidManifest.xml:24:18-86
14        android:icon="@mipmap/ic_launcher"
14-->src\main\AndroidManifest.xml:7:9-43
15        android:label="@string/app_name"
15-->src\main\AndroidManifest.xml:8:9-41
16        android:roundIcon="@mipmap/ic_launcher_round"
16-->src\main\AndroidManifest.xml:9:9-54
17        android:supportsRtl="true"
17-->src\main\AndroidManifest.xml:10:9-35
18        android:theme="@style/AppTheme" >
18-->src\main\AndroidManifest.xml:11:9-40
19        <activity android:name="com.example.myintentapp.MoveForResultActivity" />
19-->src\main\AndroidManifest.xml:12:9-68
19-->src\main\AndroidManifest.xml:12:19-56
20        <activity android:name="com.example.myintentapp.MoveWithObjectActivity" />
20-->src\main\AndroidManifest.xml:13:9-60
20-->src\main\AndroidManifest.xml:13:19-57
21        <activity android:name="com.example.myintentapp.MoveWithDataActivity" />
21-->src\main\AndroidManifest.xml:14:9-58
21-->src\main\AndroidManifest.xml:14:19-55
22        <activity android:name="com.example.myintentapp.MoveActivity" />
22-->src\main\AndroidManifest.xml:15:9-50
22-->src\main\AndroidManifest.xml:15:19-47
23        <activity android:name="com.example.myintentapp.MainActivity" >
23-->src\main\AndroidManifest.xml:16:9-22:20
23-->src\main\AndroidManifest.xml:16:19-47
24            <intent-filter>
24-->src\main\AndroidManifest.xml:17:13-21:29
25                <action android:name="android.intent.action.MAIN" />
25-->src\main\AndroidManifest.xml:18:17-69
25-->src\main\AndroidManifest.xml:18:25-66
26
27                <category android:name="android.intent.category.LAUNCHER" />
27-->src\main\AndroidManifest.xml:20:17-77
27-->src\main\AndroidManifest.xml:20:27-74
28            </intent-filter>
29        </activity>
30    </application>
31
32</manifest>